  main.cpp
D:\PROGRAMACION\UNL-Tecnicatura Desarrollo de Videojuegos\Modelos y Algoritmos para Videojuegos I\TPMavi-WildGunman_LucasBoffa\TPMavi-WildGunman-LucasBoffa\Inicio.h(23,25): warning C4305: 'argumento': truncamiento de 'double' a 'float'
D:\PROGRAMACION\UNL-Tecnicatura Desarrollo de Videojuegos\Modelos y Algoritmos para Videojuegos I\TPMavi-WildGunman_LucasBoffa\TPMavi-WildGunman-LucasBoffa\Inicio.h(23,20): warning C4305: 'argumento': truncamiento de 'double' a 'float'
D:\PROGRAMACION\UNL-Tecnicatura Desarrollo de Videojuegos\Modelos y Algoritmos para Videojuegos I\TPMavi-WildGunman_LucasBoffa\TPMavi-WildGunman-LucasBoffa\Inicio.h(29,26): warning C4244: 'argumento': conversión de 'float' a 'unsigned int'; posible pérdida de datos
D:\PROGRAMACION\UNL-Tecnicatura Desarrollo de Videojuegos\Modelos y Algoritmos para Videojuegos I\TPMavi-WildGunman_LucasBoffa\TPMavi-WildGunman-LucasBoffa\Ventana.h(72,32): warning C4305: 'argumento': truncamiento de 'double' a 'float'
D:\PROGRAMACION\UNL-Tecnicatura Desarrollo de Videojuegos\Modelos y Algoritmos para Videojuegos I\TPMavi-WildGunman_LucasBoffa\TPMavi-WildGunman-LucasBoffa\Ventana.h(72,27): warning C4305: 'argumento': truncamiento de 'double' a 'float'
D:\PROGRAMACION\UNL-Tecnicatura Desarrollo de Videojuegos\Modelos y Algoritmos para Videojuegos I\TPMavi-WildGunman_LucasBoffa\TPMavi-WildGunman-LucasBoffa\Ventana.h(75,32): warning C4305: 'argumento': truncamiento de 'double' a 'float'
D:\PROGRAMACION\UNL-Tecnicatura Desarrollo de Videojuegos\Modelos y Algoritmos para Videojuegos I\TPMavi-WildGunman_LucasBoffa\TPMavi-WildGunman-LucasBoffa\Ventana.h(75,27): warning C4305: 'argumento': truncamiento de 'double' a 'float'
D:\PROGRAMACION\UNL-Tecnicatura Desarrollo de Videojuegos\Modelos y Algoritmos para Videojuegos I\TPMavi-WildGunman_LucasBoffa\TPMavi-WildGunman-LucasBoffa\Ventana.h(82,28): warning C4305: 'argumento': truncamiento de 'double' a 'float'
D:\PROGRAMACION\UNL-Tecnicatura Desarrollo de Videojuegos\Modelos y Algoritmos para Videojuegos I\TPMavi-WildGunman_LucasBoffa\TPMavi-WildGunman-LucasBoffa\Ventana.h(85,33): warning C4305: 'argumento': truncamiento de 'double' a 'float'
D:\PROGRAMACION\UNL-Tecnicatura Desarrollo de Videojuegos\Modelos y Algoritmos para Videojuegos I\TPMavi-WildGunman_LucasBoffa\TPMavi-WildGunman-LucasBoffa\Ventana.h(85,28): warning C4305: 'argumento': truncamiento de 'double' a 'float'
D:\PROGRAMACION\UNL-Tecnicatura Desarrollo de Videojuegos\Modelos y Algoritmos para Videojuegos I\TPMavi-WildGunman_LucasBoffa\TPMavi-WildGunman-LucasBoffa\Ventana.h(90,30): warning C4305: 'argumento': truncamiento de 'double' a 'float'
D:\PROGRAMACION\UNL-Tecnicatura Desarrollo de Videojuegos\Modelos y Algoritmos para Videojuegos I\TPMavi-WildGunman_LucasBoffa\TPMavi-WildGunman-LucasBoffa\Ventana.h(90,25): warning C4305: 'argumento': truncamiento de 'double' a 'float'
D:\PROGRAMACION\UNL-Tecnicatura Desarrollo de Videojuegos\Modelos y Algoritmos para Videojuegos I\TPMavi-WildGunman_LucasBoffa\TPMavi-WildGunman-LucasBoffa\Personaje.h(58,24): warning C4305: 'argumento': truncamiento de 'double' a 'float'
D:\PROGRAMACION\UNL-Tecnicatura Desarrollo de Videojuegos\Modelos y Algoritmos para Videojuegos I\TPMavi-WildGunman_LucasBoffa\TPMavi-WildGunman-LucasBoffa\Personaje.h(58,19): warning C4305: 'argumento': truncamiento de 'double' a 'float'
D:\PROGRAMACION\UNL-Tecnicatura Desarrollo de Videojuegos\Modelos y Algoritmos para Videojuegos I\TPMavi-WildGunman_LucasBoffa\TPMavi-WildGunman-LucasBoffa\Bang.h(2,10): warning C4067: símbolos (token) inesperados después de la directiva del preprocesador; se esperaba una nueva línea
D:\PROGRAMACION\UNL-Tecnicatura Desarrollo de Videojuegos\Modelos y Algoritmos para Videojuegos I\TPMavi-WildGunman_LucasBoffa\TPMavi-WildGunman-LucasBoffa\Saloon.h(17,31): warning C4305: 'argumento': truncamiento de 'double' a 'float'
D:\PROGRAMACION\UNL-Tecnicatura Desarrollo de Videojuegos\Modelos y Algoritmos para Videojuegos I\TPMavi-WildGunman_LucasBoffa\TPMavi-WildGunman-LucasBoffa\Saloon.h(70,26): warning C4244: 'argumento': conversión de 'float' a 'unsigned int'; posible pérdida de datos
D:\PROGRAMACION\UNL-Tecnicatura Desarrollo de Videojuegos\Modelos y Algoritmos para Videojuegos I\TPMavi-WildGunman_LucasBoffa\TPMavi-WildGunman-LucasBoffa\Saloon.h(100,55): warning C4244: 'argumento': conversión de 'int' a 'float'; posible pérdida de datos
D:\PROGRAMACION\UNL-Tecnicatura Desarrollo de Videojuegos\Modelos y Algoritmos para Videojuegos I\TPMavi-WildGunman_LucasBoffa\TPMavi-WildGunman-LucasBoffa\Saloon.h(100,38): warning C4244: 'argumento': conversión de 'int' a 'float'; posible pérdida de datos
D:\PROGRAMACION\UNL-Tecnicatura Desarrollo de Videojuegos\Modelos y Algoritmos para Videojuegos I\TPMavi-WildGunman_LucasBoffa\TPMavi-WildGunman-LucasBoffa\Saloon.h(112,17): warning C4305: 'argumento': truncamiento de 'double' a 'float'
D:\PROGRAMACION\UNL-Tecnicatura Desarrollo de Videojuegos\Modelos y Algoritmos para Videojuegos I\TPMavi-WildGunman_LucasBoffa\TPMavi-WildGunman-LucasBoffa\Final.h(32,26): warning C4244: 'argumento': conversión de 'float' a 'unsigned int'; posible pérdida de datos
  TPMavi-WildGunman-LucasBoffa.vcxproj -> D:\PROGRAMACION\UNL-Tecnicatura Desarrollo de Videojuegos\Modelos y Algoritmos para Videojuegos I\TPMavi-WildGunman_LucasBoffa\Debug\TPMavi-WildGunman-LucasBoffa.exe
